2021-02-27 23:39:04 - DEBUG -team_stats_HTML_to_db.py.<module>():158 - 

Run program C:/Users/pants/PycharmProjects/FantasySports/_code/team_stats_HTML_to_db.py
2021-02-27 23:39:04 - DEBUG -team_stats_HTML_to_db.py.get_all_files():35 - Found file: MILbat.html
2021-02-27 23:39:04 - DEBUG -team_stats_HTML_to_db.py.get_all_files():35 - Found file: MILpit.html
2021-02-27 23:39:04 - DEBUG -team_stats_HTML_to_db.py.get_all_files():36 - Found 2 in ..\mossi_stat
2021-02-27 23:39:04 - DEBUG -team_stats_HTML_to_db.py.get_HTML_data():144 - Running Batting on ..\mossi_stat\MILbat.html
2021-02-27 23:39:04 - DEBUG -team_stats_HTML_to_db.py.get_batting():71 - Working on 1975 Milwaukee Lagers Player Batting
2021-02-27 23:39:04 - DEBUG -team_stats_HTML_to_db.py.get_batting():99 - Found keys: ['26 Players', 'Tm', 'Lg', 'AVG', 'G', 'AB', 'R', 'H', '2B', '3B', 'HR', 'TB', 'RBI', 'SO', 'BB', 'ASB', 'SB', 'CS', 'SBP', 'GDP', '26 Players', 'Tm', 'Lg', 'AVG', 'G', 'AB', 'R', 'H', 'DBL', '3B', 'HR', 'TB', 'RBI', 'SO', 'BB', 'ASB', 'SB', 'CS', 'SBP', 'GDP', '26 Players', 'Tm', 'Lg', 'AVG', 'G', 'AB', 'R', 'H', '2B', 'TPL', 'HR', 'TB', 'RBI', 'SO', 'BB', 'ASB', 'SB', 'CS', 'SBP', 'GDP']
2021-02-27 23:39:04 - DEBUG -team_stats_HTML_to_db.py.get_batting():106 - Found vals: ['RYAN, N.', 'MIL', 'AL', ' .400', '2', '5', '0', '2', '0', '0', '0', '2', '0', '0', '0', '0', '0', '0', '-', '0']
2021-02-27 23:39:04 - INFO -team_stats_HTML_to_db.py.get_batting():119 - Player logged RYAN, N.. 1 of 27
2021-02-27 23:39:04 - DEBUG -team_stats_HTML_to_db.py.get_batting():106 - Found vals: ['JENKINS, F.', 'MIL', 'AL', ' .357', '5', '14', '4', '5', '2', '0', '0', '7', '2', '4', '0', '0', '0', '0', '-', '0']
2021-02-27 23:39:04 - INFO -team_stats_HTML_to_db.py.get_batting():119 - Player logged JENKINS, F.. 2 of 27
2021-02-27 23:39:04 - DEBUG -team_stats_HTML_to_db.py.get_batting():106 - Found vals: ['GARVEY, S.', 'MIL', 'AL', ' .347', '81', '323', '43', '112', '24', '5', '11', '179', '72', '25', '21', '4', '4', '0', '100.0', '8']
2021-02-27 23:39:04 - INFO -team_stats_HTML_to_db.py.get_batting():119 - Player logged GARVEY, S.. 3 of 27
2021-02-27 23:39:04 - DEBUG -team_stats_HTML_to_db.py.get_batting():106 - Found vals: ['KOOSMAN, J.', 'MIL', 'AL', ' .333', '5', '12', '4', '4', '2', '0', '0', '6', '1', '3', '2', '0', '0', '0', '-', '1']
2021-02-27 23:39:04 - INFO -team_stats_HTML_to_db.py.get_batting():119 - Player logged KOOSMAN, J.. 4 of 27
2021-02-27 23:39:04 - DEBUG -team_stats_HTML_to_db.py.get_batting():106 - Found vals: ['JOHNSON, D.', 'MIL', 'AL', ' .333', '11', '9', '0', '3', '1', '0', '0', '4', '1', '3', '0', '0', '0', '0', '-', '0']
2021-02-27 23:39:04 - INFO -team_stats_HTML_to_db.py.get_batting():119 - Player logged JOHNSON, D.. 5 of 27
2021-02-27 23:39:04 - DEBUG -team_stats_HTML_to_db.py.get_batting():106 - Found vals: ['COSGROVE, M.', 'MIL', 'AL', ' .333', '4', '3', '0', '1', '1', '0', '0', '2', '2', '0', '0', '0', '0', '0', '-', '0']
2021-02-27 23:39:04 - INFO -team_stats_HTML_to_db.py.get_batting():119 - Player logged COSGROVE, M.. 6 of 27
2021-02-27 23:39:04 - DEBUG -team_stats_HTML_to_db.py.get_batting():106 - Found vals: ['RUDI, J.', 'MIL', 'AL', ' .290', '62', '183', '30', '53', '10', '3', '10', '99', '40', '24', '14', '3', '2', '1', '66.7', '1']
2021-02-27 23:39:04 - INFO -team_stats_HTML_to_db.py.get_batting():119 - Player logged RUDI, J.. 7 of 27
2021-02-27 23:39:04 - DEBUG -team_stats_HTML_to_db.py.get_batting():106 - Found vals: ['STAUB, R.', 'MIL', 'AL', ' .286', '81', '294', '34', '84', '16', '3', '7', '127', '39', '30', '30', '0', '0', '0', '-', '4']
2021-02-27 23:39:04 - INFO -team_stats_HTML_to_db.py.get_batting():119 - Player logged STAUB, R.. 8 of 27
2021-02-27 23:39:04 - DEBUG -team_stats_HTML_to_db.py.get_batting():106 - Found vals: ['MORGAN, J.', 'MIL', 'AL', ' .285', '76', '263', '48', '75', '10', '2', '10', '119', '28', '22', '60', '11', '9', '2', '81.8', '7']
2021-02-27 23:39:04 - INFO -team_stats_HTML_to_db.py.get_batting():119 - Player logged MORGAN, J.. 9 of 27
2021-02-27 23:39:04 - DEBUG -team_stats_HTML_to_db.py.get_batting():106 - Found vals: ['DENT, B.', 'MIL', 'AL', ' .272', '76', '279', '26', '76', '16', '2', '2', '102', '22', '22', '11', '1', '1', '0', '100.0', '10']
2021-02-27 23:39:04 - INFO -team_stats_HTML_to_db.py.get_batting():119 - Player logged DENT, B.. 10 of 27
2021-02-27 23:39:04 - DEBUG -team_stats_HTML_to_db.py.get_batting():106 - Found vals: ['DOWNING, B.', 'MIL', 'AL', ' .244', '62', '213', '35', '52', '7', '1', '2', '67', '21', '32', '32', '6', '6', '0', '100.0', '3']
2021-02-27 23:39:04 - INFO -team_stats_HTML_to_db.py.get_batting():119 - Player logged DOWNING, B.. 11 of 27
2021-02-27 23:39:04 - DEBUG -team_stats_HTML_to_db.py.get_batting():106 - Found vals: ['FORD, D.', 'MIL', 'AL', ' .236', '54', '199', '30', '47', '19', '1', '8', '92', '24', '43', '9', '8', '5', '3', '62.5', '2']
2021-02-27 23:39:04 - INFO -team_stats_HTML_to_db.py.get_batting():119 - Player logged FORD, D.. 12 of 27
2021-02-27 23:39:04 - DEBUG -team_stats_HTML_to_db.py.get_batting():106 - Found vals: ['HENDERSON, K.', 'MIL', 'AL', ' .234', '68', '222', '38', '52', '5', '1', '9', '86', '26', '28', '31', '5', '1', '4', '20.0', '4']
2021-02-27 23:39:04 - INFO -team_stats_HTML_to_db.py.get_batting():119 - Player logged HENDERSON, K.. 13 of 27
2021-02-27 23:39:04 - DEBUG -team_stats_HTML_to_db.py.get_batting():106 - Found vals: ['FREGOSI, J.', 'MIL', 'AL', ' .222', '29', '27', '2', '6', '0', '0', '0', '6', '0', '6', '0', '0', '0', '0', '-', '0']
2021-02-27 23:39:04 - INFO -team_stats_HTML_to_db.py.get_batting():119 - Player logged FREGOSI, J.. 14 of 27
2021-02-27 23:39:04 - DEBUG -team_stats_HTML_to_db.py.get_batting():106 - Found vals: ['SHELDON, B.', 'MIL', 'AL', ' .212', '36', '99', '8', '21', '3', '3', '0', '30', '9', '10', '7', '0', '0', '0', '-', '2']
2021-02-27 23:39:04 - INFO -team_stats_HTML_to_db.py.get_batting():119 - Player logged SHELDON, B.. 15 of 27
2021-02-27 23:39:04 - DEBUG -team_stats_HTML_to_db.py.get_batting():106 - Found vals: ['BLAIR, P.', 'MIL', 'AL', ' .199', '77', '216', '21', '43', '11', '2', '2', '64', '18', '36', '22', '11', '8', '3', '72.7', '2']
2021-02-27 23:39:04 - INFO -team_stats_HTML_to_db.py.get_batting():119 - Player logged BLAIR, P.. 16 of 27
2021-02-27 23:39:04 - DEBUG -team_stats_HTML_to_db.py.get_batting():106 - Found vals: ['YEAGER, S.', 'MIL', 'AL', ' .175', '39', '97', '9', '17', '1', '0', '4', '30', '14', '14', '9', '0', '0', '0', '-', '1']
2021-02-27 23:39:04 - INFO -team_stats_HTML_to_db.py.get_batting():119 - Player logged YEAGER, S.. 17 of 27
2021-02-27 23:39:04 - DEBUG -team_stats_HTML_to_db.py.get_batting():106 - Found vals: ['AUERBACH, R.', 'MIL', 'AL', ' .160', '35', '50', '11', '8', '2', '0', '0', '10', '2', '8', '2', '1', '1', '0', '100.0', '5']
2021-02-27 23:39:04 - INFO -team_stats_HTML_to_db.py.get_batting():119 - Player logged AUERBACH, R.. 18 of 27
2021-02-27 23:39:04 - DEBUG -team_stats_HTML_to_db.py.get_batting():106 - Found vals: ['ROBINSON, B.', 'MIL', 'AL', ' .143', '81', '238', '17', '34', '6', '0', '1', '43', '17', '27', '34', '0', '0', '0', '-', '4']
2021-02-27 23:39:04 - INFO -team_stats_HTML_to_db.py.get_batting():119 - Player logged ROBINSON, B.. 19 of 27
2021-02-27 23:39:04 - DEBUG -team_stats_HTML_to_db.py.get_batting():106 - Found vals: ['DAVIS, T.', 'MIL', 'AL', ' .125', '16', '16', '1', '2', '0', '0', '0', '2', '1', '2', '0', '1', '0', '1', ' .0', '1']
2021-02-27 23:39:04 - INFO -team_stats_HTML_to_db.py.get_batting():119 - Player logged DAVIS, T.. 20 of 27
2021-02-27 23:39:04 - DEBUG -team_stats_HTML_to_db.py.get_batting():106 - Found vals: ['NIEKRO, P.', 'MIL', 'AL', ' .000', '4', '11', '0', '0', '0', '0', '0', '0', '1', '2', '0', '0', '0', '0', '-', '0']
2021-02-27 23:39:04 - INFO -team_stats_HTML_to_db.py.get_batting():119 - Player logged NIEKRO, P.. 21 of 27
2021-02-27 23:39:04 - DEBUG -team_stats_HTML_to_db.py.get_batting():106 - Found vals: ['JACKSON, G.', 'MIL', 'AL', ' .000', '7', '2', '0', '0', '0', '0', '0', '0', '0', '2', '0', '0', '0', '0', '-', '0']
2021-02-27 23:39:04 - INFO -team_stats_HTML_to_db.py.get_batting():119 - Player logged JACKSON, G.. 22 of 27
2021-02-27 23:39:04 - DEBUG -team_stats_HTML_to_db.py.get_batting():106 - Found vals: ['FOUCAULT, S.', 'MIL', 'AL', ' .000', '3', '1', '0', '0', '0', '0', '0', '0', '0', '0', '0', '0', '0', '0', '-', '0']
2021-02-27 23:39:04 - INFO -team_stats_HTML_to_db.py.get_batting():119 - Player logged FOUCAULT, S.. 23 of 27
2021-02-27 23:39:04 - DEBUG -team_stats_HTML_to_db.py.get_batting():106 - Found vals: ['REUSCHEL, P.', 'MIL', 'AL', ' .000', '4', '1', '0', '0', '0', '0', '0', '0', '0', '1', '0', '0', '0', '0', '-', '0']
2021-02-27 23:39:04 - INFO -team_stats_HTML_to_db.py.get_batting():119 - Player logged REUSCHEL, P.. 24 of 27
2021-02-27 23:39:04 - DEBUG -team_stats_HTML_to_db.py.get_batting():106 - Found vals: ['DRAGO, D.', 'MIL', 'AL', '-', '4', '0', '0', '0', '0', '0', '0', '0', '0', '0', '0', '0', '0', '0', '-', '0']
2021-02-27 23:39:04 - INFO -team_stats_HTML_to_db.py.get_batting():119 - Player logged DRAGO, D.. 25 of 27
2021-02-27 23:39:04 - DEBUG -team_stats_HTML_to_db.py.get_batting():106 - Found vals: ['TODD, J.', 'MIL', 'AL', '-', '6', '0', '0', '0', '0', '0', '0', '0', '0', '0', '0', '0', '0', '0', '-', '0']
2021-02-27 23:39:04 - INFO -team_stats_HTML_to_db.py.get_batting():119 - Player logged TODD, J.. 26 of 27
2021-02-27 23:39:04 - DEBUG -team_stats_HTML_to_db.py.get_batting():106 - Found vals: ['Milwaukee Lagers', ' ', ' ', ' .251', '928', '2777', '361', '697', '136', '23', '66', '1077', '340', '344', '284', '51', '37', '14', '72.5', '55']
2021-02-27 23:39:04 - INFO -team_stats_HTML_to_db.py.get_batting():119 - Player logged Milwaukee Lagers. 27 of 27
2021-02-27 23:39:04 - DEBUG -team_stats_HTML_to_db.py.get_batting():99 - Found keys: ['26 Players', 'Tm', 'Lg', 'AVG', 'OBP', 'SLG', 'OPS', 'ISO', 'SECA', 'TA', 'RCON', 'RC', 'RC_G', 'PA', 'IBB', 'HBP', 'SH', 'SF', '26 Players', 'Tm', 'Lg', 'AVG', 'OBP', 'SLG', 'OPS', 'ISO', 'SECA', 'TA', 'RCON', 'RC', 'RC/G', 'PA', 'IBB', 'HBP', 'SH', 'SF', '26 Players', 'Tm', 'Lg', 'AVG', 'OBP', 'SLG', 'OPS', 'ISO', 'SECA', 'TA', 'RCON', 'RC', 'RC/G', 'PA', 'IBB', 'HBP', 'SH', 'SF']
2021-02-27 23:39:04 - DEBUG -team_stats_HTML_to_db.py.get_batting():106 - Found vals: ['RYAN, N.', 'MIL', 'AL', ' .400', ' .400', ' .400', ' .800', ' .000', ' .000', ' .667', ' .2', ' .8', '7.2', '5', '0', '0', '0', '0']
2021-02-27 23:39:04 - INFO -team_stats_HTML_to_db.py.get_batting():119 - Player logged RYAN, N.. 2 of 28
2021-02-27 23:39:04 - DEBUG -team_stats_HTML_to_db.py.get_batting():106 - Found vals: ['JENKINS, F.', 'MIL', 'AL', ' .357', ' .357', ' .500', ' .857', ' .143', ' .143', ' .778', ' .7', '2.5', '7.5', '14', '0', '0', '0', '0']
2021-02-27 23:39:04 - INFO -team_stats_HTML_to_db.py.get_batting():119 - Player logged JENKINS, F.. 3 of 28
2021-02-27 23:39:04 - DEBUG -team_stats_HTML_to_db.py.get_batting():106 - Found vals: ['GARVEY, S.', 'MIL', 'AL', ' .347', ' .385', ' .554', ' .939', ' .207', ' .285', ' .936', '28.5', '68.0', '8.3', '348', '2', '1', '0', '3']
2021-02-27 23:39:04 - INFO -team_stats_HTML_to_db.py.get_batting():119 - Player logged GARVEY, S.. 4 of 28
2021-02-27 23:39:04 - DEBUG -team_stats_HTML_to_db.py.get_batting():106 - Found vals: ['KOOSMAN, J.', 'MIL', 'AL', ' .333', ' .429', ' .500', ' .929', ' .167', ' .333', ' .889', '1.2', '2.4', '5.8', '16', '0', '0', '2', '0']
2021-02-27 23:39:04 - INFO -team_stats_HTML_to_db.py.get_batting():119 - Player logged KOOSMAN, J.. 5 of 28
2021-02-27 23:39:04 - DEBUG -team_stats_HTML_to_db.py.get_batting():106 - Found vals: ['JOHNSON, D.', 'MIL', 'AL', ' .333', ' .333', ' .444', ' .778', ' .111', ' .111', ' .667', ' .2', '1.3', '6.0', '9', '0', '0', '0', '0']
2021-02-27 23:39:04 - INFO -team_stats_HTML_to_db.py.get_batting():119 - Player logged JOHNSON, D.. 6 of 28
2021-02-27 23:39:04 - DEBUG -team_stats_HTML_to_db.py.get_batting():106 - Found vals: ['COSGROVE, M.', 'MIL', 'AL', ' .333', ' .333', ' .667', '1.000', ' .333', ' .333', '1.000', ' .3', ' .7', '9.0', '3', '0', '0', '0', '0']
2021-02-27 23:39:04 - INFO -team_stats_HTML_to_db.py.get_batting():119 - Player logged COSGROVE, M.. 7 of 28
2021-02-27 23:39:04 - DEBUG -team_stats_HTML_to_db.py.get_batting():106 - Found vals: ['RUDI, J.', 'MIL', 'AL', ' .290', ' .348', ' .541', ' .889', ' .251', ' .333', ' .894', '12.0', '35.4', '7.1', '202', '1', '3', '1', '1']
2021-02-27 23:39:04 - INFO -team_stats_HTML_to_db.py.get_batting():119 - Player logged RUDI, J.. 8 of 28
2021-02-27 23:39:04 - DEBUG -team_stats_HTML_to_db.py.get_batting():106 - Found vals: ['STAUB, R.', 'MIL', 'AL', ' .286', ' .352', ' .432', ' .784', ' .146', ' .248', ' .748', '10.7', '46.7', '5.7', '333', '4', '3', '1', '5']
2021-02-27 23:39:04 - INFO -team_stats_HTML_to_db.py.get_batting():119 - Player logged STAUB, R.. 9 of 28
2021-02-27 23:39:04 - DEBUG -team_stats_HTML_to_db.py.get_batting():106 - Found vals: ['MORGAN, J.', 'MIL', 'AL', ' .285', ' .418', ' .452', ' .871', ' .167', ' .422', ' .959', '23.1', '54.2', '7.4', '325', '5', '1', '0', '1']
2021-02-27 23:39:04 - INFO -team_stats_HTML_to_db.py.get_batting():119 - Player logged MORGAN, J.. 10 of 28
2021-02-27 23:39:04 - DEBUG -team_stats_HTML_to_db.py.get_batting():106 - Found vals: ['DENT, B.', 'MIL', 'AL', ' .272', ' .298', ' .366', ' .664', ' .093', ' .136', ' .535', '-3.4', '28.2', '3.5', '295', '0', '0', '3', '2']
2021-02-27 23:39:04 - INFO -team_stats_HTML_to_db.py.get_batting():119 - Player logged DENT, B.. 11 of 28
2021-02-27 23:39:04 - DEBUG -team_stats_HTML_to_db.py.get_batting():106 - Found vals: ['DOWNING, B.', 'MIL', 'AL', ' .244', ' .346', ' .315', ' .660', ' .070', ' .249', ' .646', '1.2', '26.2', '4.3', '246', '0', '1', '0', '0']
2021-02-27 23:39:04 - INFO -team_stats_HTML_to_db.py.get_batting():119 - Player logged DOWNING, B.. 12 of 28
2021-02-27 23:39:04 - DEBUG -team_stats_HTML_to_db.py.get_batting():106 - Found vals: ['FORD, D.', 'MIL', 'AL', ' .236', ' .270', ' .462', ' .732', ' .226', ' .281', ' .682', '1.2', '24.1', '4.1', '211', '1', '1', '0', '2']
2021-02-27 23:39:04 - INFO -team_stats_HTML_to_db.py.get_batting():119 - Player logged FORD, D.. 13 of 28
2021-02-27 23:39:04 - DEBUG -team_stats_HTML_to_db.py.get_batting():106 - Found vals: ['HENDERSON, K.', 'MIL', 'AL', ' .234', ' .332', ' .387', ' .719', ' .153', ' .279', ' .674', ' .9', '28.8', '4.3', '258', '0', '2', '2', '1']
2021-02-27 23:39:04 - INFO -team_stats_HTML_to_db.py.get_batting():119 - Player logged HENDERSON, K.. 14 of 28
2021-02-27 23:39:04 - DEBUG -team_stats_HTML_to_db.py.get_batting():106 - Found vals: ['FREGOSI, J.', 'MIL', 'AL', ' .222', ' .222', ' .222', ' .444', ' .000', ' .000', ' .286', '-2.5', '1.3', '1.7', '27', '0', '0', '0', '0']
2021-02-27 23:39:04 - INFO -team_stats_HTML_to_db.py.get_batting():119 - Player logged FREGOSI, J.. 15 of 28
2021-02-27 23:39:04 - DEBUG -team_stats_HTML_to_db.py.get_batting():106 - Found vals: ['SHELDON, B.', 'MIL', 'AL', ' .212', ' .264', ' .303', ' .567', ' .091', ' .162', ' .463', '-4.8', '7.8', '2.6', '106', '0', '0', '0', '0']
2021-02-27 23:39:04 - INFO -team_stats_HTML_to_db.py.get_batting():119 - Player logged SHELDON, B.. 16 of 28
2021-02-27 23:39:04 - DEBUG -team_stats_HTML_to_db.py.get_batting():106 - Found vals: ['BLAIR, P.', 'MIL', 'AL', ' .199', ' .276', ' .296', ' .572', ' .097', ' .222', ' .534', '-8.5', '18.9', '2.9', '239', '0', '1', '0', '0']
2021-02-27 23:39:04 - INFO -team_stats_HTML_to_db.py.get_batting():119 - Player logged BLAIR, P.. 17 of 28
2021-02-27 23:39:04 - DEBUG -team_stats_HTML_to_db.py.get_batting():106 - Found vals: ['YEAGER, S.', 'MIL', 'AL', ' .175', ' .250', ' .309', ' .559', ' .134', ' .227', ' .494', '-4.8', '8.0', '2.6', '108', '0', '1', '0', '1']
2021-02-27 23:39:04 - INFO -team_stats_HTML_to_db.py.get_batting():119 - Player logged YEAGER, S.. 18 of 28
2021-02-27 23:39:04 - DEBUG -team_stats_HTML_to_db.py.get_batting():106 - Found vals: ['AUERBACH, R.', 'MIL', 'AL', ' .160', ' .189', ' .200', ' .389', ' .040', ' .100', ' .277', '-5.2', '1.1', ' .6', '55', '0', '0', '2', '1']
2021-02-27 23:39:04 - INFO -team_stats_HTML_to_db.py.get_batting():119 - Player logged AUERBACH, R.. 19 of 28
2021-02-27 23:39:04 - DEBUG -team_stats_HTML_to_db.py.get_batting():106 - Found vals: ['ROBINSON, B.', 'MIL', 'AL', ' .143', ' .248', ' .181', ' .429', ' .038', ' .181', ' .370', '-21.2', '12.4', '1.6', '274', '0', '0', '0', '2']
2021-02-27 23:39:04 - INFO -team_stats_HTML_to_db.py.get_batting():119 - Player logged ROBINSON, B.. 20 of 28
2021-02-27 23:39:04 - DEBUG -team_stats_HTML_to_db.py.get_batting():106 - Found vals: ['DAVIS, T.', 'MIL', 'AL', ' .125', ' .125', ' .125', ' .250', ' .000', 'oops', ' .125', '-3.2', ' .0', ' .0', '16', '0', '0', '0', '0']
2021-02-27 23:39:04 - INFO -team_stats_HTML_to_db.py.get_batting():119 - Player logged DAVIS, T.. 21 of 28
2021-02-27 23:39:04 - DEBUG -team_stats_HTML_to_db.py.get_batting():106 - Found vals: ['NIEKRO, P.', 'MIL', 'AL', ' .000', ' .000', ' .000', ' .000', ' .000', ' .000', ' .000', '-2.8', ' .0', ' .0', '14', '0', '0', '2', '1']
2021-02-27 23:39:04 - INFO -team_stats_HTML_to_db.py.get_batting():119 - Player logged NIEKRO, P.. 22 of 28
2021-02-27 23:39:04 - DEBUG -team_stats_HTML_to_db.py.get_batting():106 - Found vals: ['JACKSON, G.', 'MIL', 'AL', ' .000', ' .000', ' .000', ' .000', ' .000', ' .000', ' .000', ' -.5', ' .0', ' .0', '2', '0', '0', '0', '0']
2021-02-27 23:39:04 - INFO -team_stats_HTML_to_db.py.get_batting():119 - Player logged JACKSON, G.. 23 of 28
2021-02-27 23:39:04 - DEBUG -team_stats_HTML_to_db.py.get_batting():106 - Found vals: ['FOUCAULT, S.', 'MIL', 'AL', ' .000', ' .000', ' .000', ' .000', ' .000', ' .000', ' .000', ' -.3', ' .0', ' .0', '1', '0', '0', '0', '0']
2021-02-27 23:39:04 - INFO -team_stats_HTML_to_db.py.get_batting():119 - Player logged FOUCAULT, S.. 24 of 28
2021-02-27 23:39:04 - DEBUG -team_stats_HTML_to_db.py.get_batting():106 - Found vals: ['REUSCHEL, P.', 'MIL', 'AL', ' .000', ' .000', ' .000', ' .000', ' .000', ' .000', ' .000', ' -.3', ' .0', ' .0', '1', '0', '0', '0', '0']
2021-02-27 23:39:04 - INFO -team_stats_HTML_to_db.py.get_batting():119 - Player logged REUSCHEL, P.. 25 of 28
2021-02-27 23:39:04 - DEBUG -team_stats_HTML_to_db.py.get_batting():106 - Found vals: ['DRAGO, D.', 'MIL', 'AL', '-', '-', '-', '-', '-', '-', '-', ' .0', '-', '-', '0', '0', '0', '0', '0']
2021-02-27 23:39:04 - INFO -team_stats_HTML_to_db.py.get_batting():119 - Player logged DRAGO, D.. 26 of 28
2021-02-27 23:39:04 - DEBUG -team_stats_HTML_to_db.py.get_batting():106 - Found vals: ['TODD, J.', 'MIL', 'AL', '-', '-', '-', '-', '-', '-', '-', ' .0', '-', '-', '0', '0', '0', '0', '0']
2021-02-27 23:39:04 - INFO -team_stats_HTML_to_db.py.get_batting():119 - Player logged TODD, J.. 27 of 28
2021-02-27 23:39:04 - DEBUG -team_stats_HTML_to_db.py.get_batting():106 - Found vals: ['Milwaukee Lagers', ' ', ' ', ' .251', ' .321', ' .388', ' .709', ' .137', ' .247', ' .657', '22.8', '353.8', '4.4', '3108', '13', '14', '13', '20']
2021-02-27 23:39:04 - INFO -team_stats_HTML_to_db.py.get_batting():119 - Player logged Milwaukee Lagers. 28 of 28
2021-02-27 23:41:38 - DEBUG -team_stats_HTML_to_db.py.<module>():159 - 

Run program C:/Users/pants/PycharmProjects/FantasySports/_code/team_stats_HTML_to_db.py
2021-02-27 23:41:38 - DEBUG -team_stats_HTML_to_db.py.get_all_files():35 - Found file: MILbat.html
2021-02-27 23:41:38 - DEBUG -team_stats_HTML_to_db.py.get_all_files():35 - Found file: MILpit.html
2021-02-27 23:41:38 - DEBUG -team_stats_HTML_to_db.py.get_all_files():36 - Found 2 in ..\mossi_stat
2021-02-27 23:41:38 - DEBUG -team_stats_HTML_to_db.py.get_HTML_data():145 - Running Batting on ..\mossi_stat\MILbat.html
2021-02-27 23:41:38 - DEBUG -team_stats_HTML_to_db.py.get_batting():71 - Working on 1975 Milwaukee Lagers Player Batting
2021-02-27 23:41:38 - DEBUG -team_stats_HTML_to_db.py.get_batting():100 - Found keys: ['26 Players', 'Tm', 'Lg', 'AVG', 'G', 'AB', 'R', 'H', 'DBL', 'TPL', 'HR', 'TB', 'RBI', 'SO', 'BB', 'ASB', 'SB', 'CS', 'SBP', 'GDP']
2021-02-27 23:41:38 - DEBUG -team_stats_HTML_to_db.py.get_batting():107 - Found vals: ['RYAN, N.', 'MIL', 'AL', ' .400', '2', '5', '0', '2', '0', '0', '0', '2', '0', '0', '0', '0', '0', '0', '-', '0']
2021-02-27 23:41:38 - INFO -team_stats_HTML_to_db.py.get_batting():120 - Player logged RYAN, N.. 1 of 27
2021-02-27 23:41:38 - DEBUG -team_stats_HTML_to_db.py.get_batting():107 - Found vals: ['JENKINS, F.', 'MIL', 'AL', ' .357', '5', '14', '4', '5', '2', '0', '0', '7', '2', '4', '0', '0', '0', '0', '-', '0']
2021-02-27 23:41:38 - INFO -team_stats_HTML_to_db.py.get_batting():120 - Player logged JENKINS, F.. 2 of 27
2021-02-27 23:41:38 - DEBUG -team_stats_HTML_to_db.py.get_batting():107 - Found vals: ['GARVEY, S.', 'MIL', 'AL', ' .347', '81', '323', '43', '112', '24', '5', '11', '179', '72', '25', '21', '4', '4', '0', '100.0', '8']
2021-02-27 23:41:38 - INFO -team_stats_HTML_to_db.py.get_batting():120 - Player logged GARVEY, S.. 3 of 27
2021-02-27 23:41:38 - DEBUG -team_stats_HTML_to_db.py.get_batting():107 - Found vals: ['KOOSMAN, J.', 'MIL', 'AL', ' .333', '5', '12', '4', '4', '2', '0', '0', '6', '1', '3', '2', '0', '0', '0', '-', '1']
2021-02-27 23:41:38 - INFO -team_stats_HTML_to_db.py.get_batting():120 - Player logged KOOSMAN, J.. 4 of 27
2021-02-27 23:41:38 - DEBUG -team_stats_HTML_to_db.py.get_batting():107 - Found vals: ['JOHNSON, D.', 'MIL', 'AL', ' .333', '11', '9', '0', '3', '1', '0', '0', '4', '1', '3', '0', '0', '0', '0', '-', '0']
2021-02-27 23:41:38 - INFO -team_stats_HTML_to_db.py.get_batting():120 - Player logged JOHNSON, D.. 5 of 27
2021-02-27 23:41:38 - DEBUG -team_stats_HTML_to_db.py.get_batting():107 - Found vals: ['COSGROVE, M.', 'MIL', 'AL', ' .333', '4', '3', '0', '1', '1', '0', '0', '2', '2', '0', '0', '0', '0', '0', '-', '0']
2021-02-27 23:41:38 - INFO -team_stats_HTML_to_db.py.get_batting():120 - Player logged COSGROVE, M.. 6 of 27
2021-02-27 23:41:38 - DEBUG -team_stats_HTML_to_db.py.get_batting():107 - Found vals: ['RUDI, J.', 'MIL', 'AL', ' .290', '62', '183', '30', '53', '10', '3', '10', '99', '40', '24', '14', '3', '2', '1', '66.7', '1']
2021-02-27 23:41:38 - INFO -team_stats_HTML_to_db.py.get_batting():120 - Player logged RUDI, J.. 7 of 27
2021-02-27 23:41:38 - DEBUG -team_stats_HTML_to_db.py.get_batting():107 - Found vals: ['STAUB, R.', 'MIL', 'AL', ' .286', '81', '294', '34', '84', '16', '3', '7', '127', '39', '30', '30', '0', '0', '0', '-', '4']
2021-02-27 23:41:38 - INFO -team_stats_HTML_to_db.py.get_batting():120 - Player logged STAUB, R.. 8 of 27
2021-02-27 23:41:38 - DEBUG -team_stats_HTML_to_db.py.get_batting():107 - Found vals: ['MORGAN, J.', 'MIL', 'AL', ' .285', '76', '263', '48', '75', '10', '2', '10', '119', '28', '22', '60', '11', '9', '2', '81.8', '7']
2021-02-27 23:41:38 - INFO -team_stats_HTML_to_db.py.get_batting():120 - Player logged MORGAN, J.. 9 of 27
2021-02-27 23:41:38 - DEBUG -team_stats_HTML_to_db.py.get_batting():107 - Found vals: ['DENT, B.', 'MIL', 'AL', ' .272', '76', '279', '26', '76', '16', '2', '2', '102', '22', '22', '11', '1', '1', '0', '100.0', '10']
2021-02-27 23:41:38 - INFO -team_stats_HTML_to_db.py.get_batting():120 - Player logged DENT, B.. 10 of 27
2021-02-27 23:41:38 - DEBUG -team_stats_HTML_to_db.py.get_batting():107 - Found vals: ['DOWNING, B.', 'MIL', 'AL', ' .244', '62', '213', '35', '52', '7', '1', '2', '67', '21', '32', '32', '6', '6', '0', '100.0', '3']
2021-02-27 23:41:38 - INFO -team_stats_HTML_to_db.py.get_batting():120 - Player logged DOWNING, B.. 11 of 27
2021-02-27 23:41:38 - DEBUG -team_stats_HTML_to_db.py.get_batting():107 - Found vals: ['FORD, D.', 'MIL', 'AL', ' .236', '54', '199', '30', '47', '19', '1', '8', '92', '24', '43', '9', '8', '5', '3', '62.5', '2']
2021-02-27 23:41:38 - INFO -team_stats_HTML_to_db.py.get_batting():120 - Player logged FORD, D.. 12 of 27
2021-02-27 23:41:38 - DEBUG -team_stats_HTML_to_db.py.get_batting():107 - Found vals: ['HENDERSON, K.', 'MIL', 'AL', ' .234', '68', '222', '38', '52', '5', '1', '9', '86', '26', '28', '31', '5', '1', '4', '20.0', '4']
2021-02-27 23:41:38 - INFO -team_stats_HTML_to_db.py.get_batting():120 - Player logged HENDERSON, K.. 13 of 27
2021-02-27 23:41:38 - DEBUG -team_stats_HTML_to_db.py.get_batting():107 - Found vals: ['FREGOSI, J.', 'MIL', 'AL', ' .222', '29', '27', '2', '6', '0', '0', '0', '6', '0', '6', '0', '0', '0', '0', '-', '0']
2021-02-27 23:41:38 - INFO -team_stats_HTML_to_db.py.get_batting():120 - Player logged FREGOSI, J.. 14 of 27
2021-02-27 23:41:38 - DEBUG -team_stats_HTML_to_db.py.get_batting():107 - Found vals: ['SHELDON, B.', 'MIL', 'AL', ' .212', '36', '99', '8', '21', '3', '3', '0', '30', '9', '10', '7', '0', '0', '0', '-', '2']
2021-02-27 23:41:38 - INFO -team_stats_HTML_to_db.py.get_batting():120 - Player logged SHELDON, B.. 15 of 27
2021-02-27 23:41:38 - DEBUG -team_stats_HTML_to_db.py.get_batting():107 - Found vals: ['BLAIR, P.', 'MIL', 'AL', ' .199', '77', '216', '21', '43', '11', '2', '2', '64', '18', '36', '22', '11', '8', '3', '72.7', '2']
2021-02-27 23:41:38 - INFO -team_stats_HTML_to_db.py.get_batting():120 - Player logged BLAIR, P.. 16 of 27
2021-02-27 23:41:38 - DEBUG -team_stats_HTML_to_db.py.get_batting():107 - Found vals: ['YEAGER, S.', 'MIL', 'AL', ' .175', '39', '97', '9', '17', '1', '0', '4', '30', '14', '14', '9', '0', '0', '0', '-', '1']
2021-02-27 23:41:38 - INFO -team_stats_HTML_to_db.py.get_batting():120 - Player logged YEAGER, S.. 17 of 27
2021-02-27 23:41:38 - DEBUG -team_stats_HTML_to_db.py.get_batting():107 - Found vals: ['AUERBACH, R.', 'MIL', 'AL', ' .160', '35', '50', '11', '8', '2', '0', '0', '10', '2', '8', '2', '1', '1', '0', '100.0', '5']
2021-02-27 23:41:38 - INFO -team_stats_HTML_to_db.py.get_batting():120 - Player logged AUERBACH, R.. 18 of 27
2021-02-27 23:41:38 - DEBUG -team_stats_HTML_to_db.py.get_batting():107 - Found vals: ['ROBINSON, B.', 'MIL', 'AL', ' .143', '81', '238', '17', '34', '6', '0', '1', '43', '17', '27', '34', '0', '0', '0', '-', '4']
2021-02-27 23:41:38 - INFO -team_stats_HTML_to_db.py.get_batting():120 - Player logged ROBINSON, B.. 19 of 27
2021-02-27 23:41:38 - DEBUG -team_stats_HTML_to_db.py.get_batting():107 - Found vals: ['DAVIS, T.', 'MIL', 'AL', ' .125', '16', '16', '1', '2', '0', '0', '0', '2', '1', '2', '0', '1', '0', '1', ' .0', '1']
2021-02-27 23:41:38 - INFO -team_stats_HTML_to_db.py.get_batting():120 - Player logged DAVIS, T.. 20 of 27
2021-02-27 23:41:38 - DEBUG -team_stats_HTML_to_db.py.get_batting():107 - Found vals: ['NIEKRO, P.', 'MIL', 'AL', ' .000', '4', '11', '0', '0', '0', '0', '0', '0', '1', '2', '0', '0', '0', '0', '-', '0']
2021-02-27 23:41:38 - INFO -team_stats_HTML_to_db.py.get_batting():120 - Player logged NIEKRO, P.. 21 of 27
2021-02-27 23:41:38 - DEBUG -team_stats_HTML_to_db.py.get_batting():107 - Found vals: ['JACKSON, G.', 'MIL', 'AL', ' .000', '7', '2', '0', '0', '0', '0', '0', '0', '0', '2', '0', '0', '0', '0', '-', '0']
2021-02-27 23:41:38 - INFO -team_stats_HTML_to_db.py.get_batting():120 - Player logged JACKSON, G.. 22 of 27
2021-02-27 23:41:38 - DEBUG -team_stats_HTML_to_db.py.get_batting():107 - Found vals: ['FOUCAULT, S.', 'MIL', 'AL', ' .000', '3', '1', '0', '0', '0', '0', '0', '0', '0', '0', '0', '0', '0', '0', '-', '0']
2021-02-27 23:41:38 - INFO -team_stats_HTML_to_db.py.get_batting():120 - Player logged FOUCAULT, S.. 23 of 27
2021-02-27 23:41:38 - DEBUG -team_stats_HTML_to_db.py.get_batting():107 - Found vals: ['REUSCHEL, P.', 'MIL', 'AL', ' .000', '4', '1', '0', '0', '0', '0', '0', '0', '0', '1', '0', '0', '0', '0', '-', '0']
2021-02-27 23:41:38 - INFO -team_stats_HTML_to_db.py.get_batting():120 - Player logged REUSCHEL, P.. 24 of 27
2021-02-27 23:41:38 - DEBUG -team_stats_HTML_to_db.py.get_batting():107 - Found vals: ['DRAGO, D.', 'MIL', 'AL', '-', '4', '0', '0', '0', '0', '0', '0', '0', '0', '0', '0', '0', '0', '0', '-', '0']
2021-02-27 23:41:38 - INFO -team_stats_HTML_to_db.py.get_batting():120 - Player logged DRAGO, D.. 25 of 27
2021-02-27 23:41:38 - DEBUG -team_stats_HTML_to_db.py.get_batting():107 - Found vals: ['TODD, J.', 'MIL', 'AL', '-', '6', '0', '0', '0', '0', '0', '0', '0', '0', '0', '0', '0', '0', '0', '-', '0']
2021-02-27 23:41:38 - INFO -team_stats_HTML_to_db.py.get_batting():120 - Player logged TODD, J.. 26 of 27
2021-02-27 23:41:38 - DEBUG -team_stats_HTML_to_db.py.get_batting():107 - Found vals: ['Milwaukee Lagers', ' ', ' ', ' .251', '928', '2777', '361', '697', '136', '23', '66', '1077', '340', '344', '284', '51', '37', '14', '72.5', '55']
2021-02-27 23:41:38 - INFO -team_stats_HTML_to_db.py.get_batting():120 - Player logged Milwaukee Lagers. 27 of 27
2021-02-27 23:41:38 - DEBUG -team_stats_HTML_to_db.py.get_batting():100 - Found keys: ['26 Players', 'Tm', 'Lg', 'AVG', 'OBP', 'SLG', 'OPS', 'ISO', 'SECA', 'TA', 'RCON', 'RC', 'RC_G', 'PA', 'IBB', 'HBP', 'SH', 'SF']
2021-02-27 23:41:38 - DEBUG -team_stats_HTML_to_db.py.get_batting():107 - Found vals: ['RYAN, N.', 'MIL', 'AL', ' .400', ' .400', ' .400', ' .800', ' .000', ' .000', ' .667', ' .2', ' .8', '7.2', '5', '0', '0', '0', '0']
2021-02-27 23:41:38 - INFO -team_stats_HTML_to_db.py.get_batting():120 - Player logged RYAN, N.. 2 of 28
2021-02-27 23:41:38 - DEBUG -team_stats_HTML_to_db.py.get_batting():107 - Found vals: ['JENKINS, F.', 'MIL', 'AL', ' .357', ' .357', ' .500', ' .857', ' .143', ' .143', ' .778', ' .7', '2.5', '7.5', '14', '0', '0', '0', '0']
2021-02-27 23:41:38 - INFO -team_stats_HTML_to_db.py.get_batting():120 - Player logged JENKINS, F.. 3 of 28
2021-02-27 23:41:38 - DEBUG -team_stats_HTML_to_db.py.get_batting():107 - Found vals: ['GARVEY, S.', 'MIL', 'AL', ' .347', ' .385', ' .554', ' .939', ' .207', ' .285', ' .936', '28.5', '68.0', '8.3', '348', '2', '1', '0', '3']
2021-02-27 23:41:38 - INFO -team_stats_HTML_to_db.py.get_batting():120 - Player logged GARVEY, S.. 4 of 28
2021-02-27 23:41:38 - DEBUG -team_stats_HTML_to_db.py.get_batting():107 - Found vals: ['KOOSMAN, J.', 'MIL', 'AL', ' .333', ' .429', ' .500', ' .929', ' .167', ' .333', ' .889', '1.2', '2.4', '5.8', '16', '0', '0', '2', '0']
2021-02-27 23:41:38 - INFO -team_stats_HTML_to_db.py.get_batting():120 - Player logged KOOSMAN, J.. 5 of 28
2021-02-27 23:41:38 - DEBUG -team_stats_HTML_to_db.py.get_batting():107 - Found vals: ['JOHNSON, D.', 'MIL', 'AL', ' .333', ' .333', ' .444', ' .778', ' .111', ' .111', ' .667', ' .2', '1.3', '6.0', '9', '0', '0', '0', '0']
2021-02-27 23:41:38 - INFO -team_stats_HTML_to_db.py.get_batting():120 - Player logged JOHNSON, D.. 6 of 28
2021-02-27 23:41:38 - DEBUG -team_stats_HTML_to_db.py.get_batting():107 - Found vals: ['COSGROVE, M.', 'MIL', 'AL', ' .333', ' .333', ' .667', '1.000', ' .333', ' .333', '1.000', ' .3', ' .7', '9.0', '3', '0', '0', '0', '0']
2021-02-27 23:41:38 - INFO -team_stats_HTML_to_db.py.get_batting():120 - Player logged COSGROVE, M.. 7 of 28
2021-02-27 23:41:38 - DEBUG -team_stats_HTML_to_db.py.get_batting():107 - Found vals: ['RUDI, J.', 'MIL', 'AL', ' .290', ' .348', ' .541', ' .889', ' .251', ' .333', ' .894', '12.0', '35.4', '7.1', '202', '1', '3', '1', '1']
2021-02-27 23:41:38 - INFO -team_stats_HTML_to_db.py.get_batting():120 - Player logged RUDI, J.. 8 of 28
2021-02-27 23:41:38 - DEBUG -team_stats_HTML_to_db.py.get_batting():107 - Found vals: ['STAUB, R.', 'MIL', 'AL', ' .286', ' .352', ' .432', ' .784', ' .146', ' .248', ' .748', '10.7', '46.7', '5.7', '333', '4', '3', '1', '5']
2021-02-27 23:41:38 - INFO -team_stats_HTML_to_db.py.get_batting():120 - Player logged STAUB, R.. 9 of 28
2021-02-27 23:41:38 - DEBUG -team_stats_HTML_to_db.py.get_batting():107 - Found vals: ['MORGAN, J.', 'MIL', 'AL', ' .285', ' .418', ' .452', ' .871', ' .167', ' .422', ' .959', '23.1', '54.2', '7.4', '325', '5', '1', '0', '1']
2021-02-27 23:41:38 - INFO -team_stats_HTML_to_db.py.get_batting():120 - Player logged MORGAN, J.. 10 of 28
2021-02-27 23:41:38 - DEBUG -team_stats_HTML_to_db.py.get_batting():107 - Found vals: ['DENT, B.', 'MIL', 'AL', ' .272', ' .298', ' .366', ' .664', ' .093', ' .136', ' .535', '-3.4', '28.2', '3.5', '295', '0', '0', '3', '2']
2021-02-27 23:41:38 - INFO -team_stats_HTML_to_db.py.get_batting():120 - Player logged DENT, B.. 11 of 28
2021-02-27 23:41:38 - DEBUG -team_stats_HTML_to_db.py.get_batting():107 - Found vals: ['DOWNING, B.', 'MIL', 'AL', ' .244', ' .346', ' .315', ' .660', ' .070', ' .249', ' .646', '1.2', '26.2', '4.3', '246', '0', '1', '0', '0']
2021-02-27 23:41:38 - INFO -team_stats_HTML_to_db.py.get_batting():120 - Player logged DOWNING, B.. 12 of 28
2021-02-27 23:41:38 - DEBUG -team_stats_HTML_to_db.py.get_batting():107 - Found vals: ['FORD, D.', 'MIL', 'AL', ' .236', ' .270', ' .462', ' .732', ' .226', ' .281', ' .682', '1.2', '24.1', '4.1', '211', '1', '1', '0', '2']
2021-02-27 23:41:38 - INFO -team_stats_HTML_to_db.py.get_batting():120 - Player logged FORD, D.. 13 of 28
2021-02-27 23:41:38 - DEBUG -team_stats_HTML_to_db.py.get_batting():107 - Found vals: ['HENDERSON, K.', 'MIL', 'AL', ' .234', ' .332', ' .387', ' .719', ' .153', ' .279', ' .674', ' .9', '28.8', '4.3', '258', '0', '2', '2', '1']
2021-02-27 23:41:38 - INFO -team_stats_HTML_to_db.py.get_batting():120 - Player logged HENDERSON, K.. 14 of 28
2021-02-27 23:41:38 - DEBUG -team_stats_HTML_to_db.py.get_batting():107 - Found vals: ['FREGOSI, J.', 'MIL', 'AL', ' .222', ' .222', ' .222', ' .444', ' .000', ' .000', ' .286', '-2.5', '1.3', '1.7', '27', '0', '0', '0', '0']
2021-02-27 23:41:38 - INFO -team_stats_HTML_to_db.py.get_batting():120 - Player logged FREGOSI, J.. 15 of 28
2021-02-27 23:41:38 - DEBUG -team_stats_HTML_to_db.py.get_batting():107 - Found vals: ['SHELDON, B.', 'MIL', 'AL', ' .212', ' .264', ' .303', ' .567', ' .091', ' .162', ' .463', '-4.8', '7.8', '2.6', '106', '0', '0', '0', '0']
2021-02-27 23:41:38 - INFO -team_stats_HTML_to_db.py.get_batting():120 - Player logged SHELDON, B.. 16 of 28
2021-02-27 23:41:38 - DEBUG -team_stats_HTML_to_db.py.get_batting():107 - Found vals: ['BLAIR, P.', 'MIL', 'AL', ' .199', ' .276', ' .296', ' .572', ' .097', ' .222', ' .534', '-8.5', '18.9', '2.9', '239', '0', '1', '0', '0']
2021-02-27 23:41:38 - INFO -team_stats_HTML_to_db.py.get_batting():120 - Player logged BLAIR, P.. 17 of 28
2021-02-27 23:41:38 - DEBUG -team_stats_HTML_to_db.py.get_batting():107 - Found vals: ['YEAGER, S.', 'MIL', 'AL', ' .175', ' .250', ' .309', ' .559', ' .134', ' .227', ' .494', '-4.8', '8.0', '2.6', '108', '0', '1', '0', '1']
2021-02-27 23:41:38 - INFO -team_stats_HTML_to_db.py.get_batting():120 - Player logged YEAGER, S.. 18 of 28
2021-02-27 23:41:38 - DEBUG -team_stats_HTML_to_db.py.get_batting():107 - Found vals: ['AUERBACH, R.', 'MIL', 'AL', ' .160', ' .189', ' .200', ' .389', ' .040', ' .100', ' .277', '-5.2', '1.1', ' .6', '55', '0', '0', '2', '1']
2021-02-27 23:41:38 - INFO -team_stats_HTML_to_db.py.get_batting():120 - Player logged AUERBACH, R.. 19 of 28
2021-02-27 23:41:38 - DEBUG -team_stats_HTML_to_db.py.get_batting():107 - Found vals: ['ROBINSON, B.', 'MIL', 'AL', ' .143', ' .248', ' .181', ' .429', ' .038', ' .181', ' .370', '-21.2', '12.4', '1.6', '274', '0', '0', '0', '2']
2021-02-27 23:41:38 - INFO -team_stats_HTML_to_db.py.get_batting():120 - Player logged ROBINSON, B.. 20 of 28
2021-02-27 23:41:38 - DEBUG -team_stats_HTML_to_db.py.get_batting():107 - Found vals: ['DAVIS, T.', 'MIL', 'AL', ' .125', ' .125', ' .125', ' .250', ' .000', 'oops', ' .125', '-3.2', ' .0', ' .0', '16', '0', '0', '0', '0']
2021-02-27 23:41:38 - INFO -team_stats_HTML_to_db.py.get_batting():120 - Player logged DAVIS, T.. 21 of 28
2021-02-27 23:41:38 - DEBUG -team_stats_HTML_to_db.py.get_batting():107 - Found vals: ['NIEKRO, P.', 'MIL', 'AL', ' .000', ' .000', ' .000', ' .000', ' .000', ' .000', ' .000', '-2.8', ' .0', ' .0', '14', '0', '0', '2', '1']
2021-02-27 23:41:38 - INFO -team_stats_HTML_to_db.py.get_batting():120 - Player logged NIEKRO, P.. 22 of 28
2021-02-27 23:41:38 - DEBUG -team_stats_HTML_to_db.py.get_batting():107 - Found vals: ['JACKSON, G.', 'MIL', 'AL', ' .000', ' .000', ' .000', ' .000', ' .000', ' .000', ' .000', ' -.5', ' .0', ' .0', '2', '0', '0', '0', '0']
2021-02-27 23:41:38 - INFO -team_stats_HTML_to_db.py.get_batting():120 - Player logged JACKSON, G.. 23 of 28
2021-02-27 23:41:38 - DEBUG -team_stats_HTML_to_db.py.get_batting():107 - Found vals: ['FOUCAULT, S.', 'MIL', 'AL', ' .000', ' .000', ' .000', ' .000', ' .000', ' .000', ' .000', ' -.3', ' .0', ' .0', '1', '0', '0', '0', '0']
2021-02-27 23:41:38 - INFO -team_stats_HTML_to_db.py.get_batting():120 - Player logged FOUCAULT, S.. 24 of 28
2021-02-27 23:41:38 - DEBUG -team_stats_HTML_to_db.py.get_batting():107 - Found vals: ['REUSCHEL, P.', 'MIL', 'AL', ' .000', ' .000', ' .000', ' .000', ' .000', ' .000', ' .000', ' -.3', ' .0', ' .0', '1', '0', '0', '0', '0']
2021-02-27 23:41:38 - INFO -team_stats_HTML_to_db.py.get_batting():120 - Player logged REUSCHEL, P.. 25 of 28
2021-02-27 23:41:38 - DEBUG -team_stats_HTML_to_db.py.get_batting():107 - Found vals: ['DRAGO, D.', 'MIL', 'AL', '-', '-', '-', '-', '-', '-', '-', ' .0', '-', '-', '0', '0', '0', '0', '0']
2021-02-27 23:41:38 - INFO -team_stats_HTML_to_db.py.get_batting():120 - Player logged DRAGO, D.. 26 of 28
2021-02-27 23:41:38 - DEBUG -team_stats_HTML_to_db.py.get_batting():107 - Found vals: ['TODD, J.', 'MIL', 'AL', '-', '-', '-', '-', '-', '-', '-', ' .0', '-', '-', '0', '0', '0', '0', '0']
2021-02-27 23:41:38 - INFO -team_stats_HTML_to_db.py.get_batting():120 - Player logged TODD, J.. 27 of 28
2021-02-27 23:41:38 - DEBUG -team_stats_HTML_to_db.py.get_batting():107 - Found vals: ['Milwaukee Lagers', ' ', ' ', ' .251', ' .321', ' .388', ' .709', ' .137', ' .247', ' .657', '22.8', '353.8', '4.4', '3108', '13', '14', '13', '20']
2021-02-27 23:41:38 - INFO -team_stats_HTML_to_db.py.get_batting():120 - Player logged Milwaukee Lagers. 28 of 28
